# datafile
../data/yfs_2022.dat
# model_name
Base_2021
# Growth_Option
1
# phase_grwth
-2
# phase_wt
-1
# phase_age_incr
-1
# phase_growth_cov
-1
# ABC_age_lb
6
# phase_F40
-6
# phase_fmort
3
# phase_proj
7
# phase_logist_sel
5
# phase_male_sel
-4
# phase_q
-5
# q_alpha_prior
-0.071768
# phase_q_alpha
4
# q_beta_prior
0.09287
# phase_q_beta_in
5
# phase_m_f
-6
# phase_m_m
7
# phase_sr
6
# phase_env_cov
4
# phase_sigmaR
-5
# phase_wtfmsy
-4
# pf_sigma
0.05
# a50_sigma
0.2
# slp_sigma
0.4
# q_exp
1
# q_sigma
0.9
# m_exp
0.12
# m_sigma
0.8
# sigmaR_exp
0.6
# sigmaR_sigma
0.1
# nselages
17
# lambda
 1 1 300 -1 1 1 1 1 1 1
# styr_sr
1978
# endyr_sr
2015
# styr_wt
1982
# endyr_wt
2012
# yr1_futcat
150
# yr1_futcat
150
# n_retro
0
# phase_male_sel_offset
-1
# nyrs_fut
10
# fut_temp
 -0.358392 -0.34739 -0.232994 -0.363436 -0.374169 -0.46616 -0.397734 -0.473374 -0.3526 -0.427407
# styr
1954
# endyr
2022
# a_lw_f
0.0059
# b_lw_f
3.205
# a_lw_m
0.0091
# b_lw_m
3.068
# nfsh
1
# obs_catch
 12.562 14.69 24.697 24.145 44.153 185.321 456.103 553.742 420.703 85.81 111.777 53.81 102.353 162.228 84.189 167.134 133.079 160.399 47.856 78.24 42.235 64.69 56.221 58.373 138.433 99.019 87.391 97.301 95.712 108.385 159.526 227.107 208.597 181.428 223.156 153.165 83.97 117.303 145.386 105.81 140.05 124.752 129.66 182.814 101.155 69.234 84.07 63.578 74.986 79.806 75.511 94.385 99.16 120.964 148.894 107.513 118.624 151.158 147.187 164.944 156.772 126.937 135.324 132.22 131.496 128.051 133.799 108.788 127.713
# nyrs_fsh_age_c
 11
# nyrs_fsh_age_s
 47
# yrs_fsh_age_c
 1964 1965 1966 1967 1968 1969 1970 1971 1972 1973 1974
# yrs_fsh_age_s
 1975 1976 1977 1978 1979 1980 1981 1982 1983 1984 1985 1986 1987 1988 1989 1990 1991 1992 1993 1994 1995 1996 1997 1998 1999 2000 2001 2002 2003 2004 2005 2006 2007 2008 2009 2010 2011 2012 2013 2014 2015 2016 2017 2018 2019 2020 2021
# oac_fsh_c
 0 0 0 0.164 0.278 0.071 0.1881 0.3293 0.0783 0.0888 0.0944 0.0652 0.0207 0.0084 0.0016 0.0003 0 0 0 0
 0 0 0 0 0.0004 0.0063 0.0225 0.1768 0.3541 0.0882 0.1122 0.124 0.08 0.0246 0.0085 0.0012 0.001 0 0 0
 0 0 0 0 0 0.0018 0.032 0.0963 0.2171 0.343 0.0776 0.0809 0.0848 0.0492 0.0148 0.0013 0.0012 0 0 0
 0 0 0 0.0001 0.0001 0.0178 0.049 0.1279 0.1894 0.2082 0.2708 0.0375 0.0314 0.0317 0.0253 0.0093 0.0015 0 0 0
 0 0 0 0 0.0006 0.0033 0.071 0.0748 0.1691 0.1893 0.1898 0.1643 0.0492 0.028 0.0242 0.0164 0.0094 0.0062 0.0044 0
 0 0 0 0 0.0013 0.0101 0.0084 0.1176 0.1158 0.2109 0.1972 0.18 0.0938 0.0305 0.0112 0.0073 0.0097 0.0022 0.0039 0
 0 0 0 0 0.0005 0.0247 0.1205 0.1767 0.2044 0.0588 0.0961 0.1327 0.0817 0.0935 0.0061 0.0041 0 0 0 0
 0 0 0 0 0.0003 0.0368 0.2384 0.1494 0.1477 0.1514 0.039 0.0707 0.0642 0.0708 0.0291 0.0023 0 0 0 0
 0 0 0 0.0002 0.0076 0.0648 0.1315 0.2045 0.0754 0.0495 0.3996 0.0274 0.0214 0.0139 0 0.0024 0 0 0.0018 0
 0 0 0 0 0.0064 0.0336 0.2127 0.2054 0.14 0.0911 0.094 0.0887 0.0672 0.0323 0.0164 0.0032 0.0077 0 0.0013 0
 0 0 0 0.0104589 0.0738528 0.117352 0.284401 0.253593 0.0669691 0.0577998 0.035121 0.0383182 0.0300294 0.0161864 0.00453576 0.00715938 0.00422448 0 0 0
# oac_fsh_s
 0 0 0 0 0.00666356 0.012909 0.047129 0.139821 0.0939928 0.0547293 0.0222744 0.0218566 0.019831 0.00301373 0.00683328 0.00325838 0.00206475 0 0 0.000311381 0 0 0 0 0.00566625 0.0469953 0.0942636 0.237398 0.123943 0.0198541 0.009104 0.00518254 0.0168531 0.00152021 0.00266531 0.00171024 0.000155476 0 0 0
 0 0 4.37e-05 8.74e-05 0.0100472 0.0412527 0.0366932 0.0668625 0.172109 0.100102 0.0666315 0.0127044 0.00545106 0.00338733 0.00844961 0.0036744 0.00121315 0.00108834 0.0002621 0.000606575 0 0 0 0 0.00724936 0.0208947 0.0549888 0.0445175 0.1396 0.114664 0.0352277 0.0205977 0.0206627 0.00249966 0.00688499 0.000708642 0.000436834 0.000227154 0.000174734 0
 0 0.000842689 0.00187942 0.029733 0.0446464 0.0842922 0.0663113 0.160199 0.106405 0.0238372 0.00925893 0.00690681 0.00164438 0.000608572 0.000571561 0.000303226 0.000301714 7.61e-05 6.22e-05 0 0 0 0 0.000694981 0.00183309 0.0101871 0.0344401 0.0816946 0.074429 0.115935 0.0903992 0.0356908 0.00739169 0.00373723 0.00438642 0.000853777 0.00014553 0.00017955 2.27e-05 0.00010017
 0 0 0 0.00145558 0.0138006 0.0124169 0.0542314 0.125302 0.119456 0.0934874 0.0941172 0.0321642 0.0146484 0.00702123 0.00349613 0.00174576 0.000817626 0.000758188 9.25e-05 0.000912441 0 0 1.71e-05 0.00104848 0.00677691 0.00981085 0.0522342 0.0866075 0.0664646 0.067903 0.0745604 0.0279504 0.0176598 0.00928024 0.00212263 0.00138183 0.000193694 6.09e-05 0 4.27e-06
 0 0 0 0.000429591 0.00925921 0.0358048 0.0254345 0.0686349 0.117792 0.122297 0.0777669 0.061458 0.0299388 0.0114721 0.00629308 0.00256011 0.00250384 0.000992888 0.000308966 0.000197112 0 0 8.07e-06 0.000415004 0.00656584 0.0254599 0.0301928 0.0596704 0.113372 0.0705381 0.0621479 0.0363654 0.0165077 0.00293671 0.001616 0.000825781 0.000226746 8.07e-06 0 0
 0 0 0 0.00126936 0.0073772 0.0449599 0.0634584 0.0384263 0.0614723 0.107321 0.102172 0.0687873 0.0712926 0.0433459 0.0213862 0.0131519 0.00783657 0.0060904 0.00541095 0.011306 0 0 0 0.000214682 0.00683075 0.0216663 0.0356202 0.0201953 0.0283409 0.0469489 0.0531429 0.0460345 0.0323535 0.0138163 0.00549483 0.00689967 0.00342429 0.00173894 0.00102955 0.00118405
 0 0 0 0.00473645 0.0134841 0.010163 0.0568331 0.0646945 0.0349895 0.0524264 0.0944082 0.10631 0.072017 0.0493987 0.015657 0.00891419 0.00248212 0.00208559 0.00102022 0.000973525 0 0 0 0.00728747 0.0140145 0.0146693 0.0434336 0.0371213 0.0323961 0.046852 0.0711593 0.0591346 0.0448646 0.0234567 0.010513 0.00201491 0.00217065 0.000250122 6.86e-05 0
 0 0 0.000151085 0.00187731 0.00810401 0.0227648 0.0269043 0.0737983 0.055269 0.0485215 0.0924929 0.0909057 0.0521012 0.0282311 0.0163694 0.00607414 0.000726219 0.000689738 0 0.000212047 0 0 0.000185018 0.00298013 0.0105232 0.0396088 0.0387014 0.0609405 0.0492052 0.0502529 0.0716969 0.0724254 0.0434219 0.0224424 0.00918654 0.0016591 0.00043606 0.000666437 0.000296442 0.000178952
 0 0 0 0.00186278 0.00624524 0.0144491 0.0657238 0.046928 0.0782055 0.0447307 0.0478318 0.0745562 0.0645677 0.0520751 0.0299784 0.0156761 0.00531605 0.00442354 0.00230982 0.000593102 0 0.000124542 0.000351648 0.00280429 0.00371149 0.0174694 0.0611665 0.0298828 0.0604467 0.0476716 0.0387982 0.0561049 0.0496637 0.0331098 0.0236384 0.0113709 0.0060584 0.000978021 0 0.00117582
 0 0 0 0 0.00163677 0.00821496 0.0285779 0.0376662 0.0511063 0.094122 0.0414825 0.0617437 0.0482948 0.0599832 0.0263714 0.0120179 0.0015803 0.0121502 0.00275383 0.000418929 0 0 0 0.000284633 0.00190194 0.010909 0.0136729 0.0629196 0.0355584 0.0801082 0.0369546 0.0490322 0.0541329 0.0970455 0.0420359 0.01666 0.00851332 0.000913747 0.00123644 0
 0 0 8.04e-06 0.000655611 0.00434221 0.0109309 0.0161082 0.023427 0.058415 0.0527529 0.0678079 0.0600698 0.0547655 0.0631577 0.0454724 0.0146366 0.00752966 0.00326425 0.00131377 0 0 0 0.000146237 0.000303053 0.00518708 0.00734138 0.0217091 0.0306406 0.0570963 0.0636979 0.0749501 0.0619464 0.0695272 0.0556577 0.0307646 0.0201816 0.0111591 0.00425294 0.000399928 0.000381547
 0 0 0.000186903 0.000168552 0.00298796 0.00698896 0.0323923 0.0314346 0.0395895 0.0919772 0.0672467 0.0607452 0.0438149 0.0311325 0.0375104 0.0280896 0.0185327 0.021806 0.0139233 0.00757912 0 0 0 0.00085638 0.00165901 0.00973457 0.0342391 0.0240202 0.052355 0.0597509 0.0447429 0.0404437 0.0430883 0.0231492 0.0391889 0.0420099 0.0203928 0.00866055 0.0121877 0.00741455
 0 0 0.000543501 0.00159564 0.00308754 0.00667853 0.0118318 0.029186 0.0185976 0.0376016 0.0495609 0.0547211 0.0605536 0.0476138 0.0266742 0.0291873 0.0241699 0.0284025 0.0190708 0.0139678 0 0 0.00043277 0.00132167 0.00372055 0.00368611 0.0161336 0.051986 0.035455 0.0456619 0.0439795 0.050565 0.0577747 0.0441465 0.0164145 0.0311729 0.038996 0.0223818 0.0281117 0.0450156
 0 0 7.87e-05 0.00125498 0.00527023 0.000625339 0.0182769 0.0281277 0.0686159 0.0213822 0.0383496 0.0546085 0.0367695 0.0627157 0.0529455 0.0230174 0.0240368 0.0347681 0.02067 0.04456 0 0 0 0.00250842 0.00553685 0.000774255 0.0255496 0.0351718 0.0855324 0.0239471 0.0373099 0.0427386 0.0235714 0.0497467 0.0355821 0.0133499 0.0156114 0.0142757 0.0167936 0.0359273
 0 0 0 0 0 0.00249413 0.00274324 0.0387209 0.0500923 0.0490742 0.0321247 0.034103 0.0547855 0.0248967 0.0500106 0.0491253 0.0259397 0.026973 0.0264744 0.0665766 0 0 0 0 0 0.0018423 0.00239929 0.0449326 0.0383461 0.0583862 0.0180811 0.0205747 0.0368172 0.0294743 0.028645 0.0308035 0.0187475 0.0206968 0.0438579 0.0722612
 0 0 0 0 0 0 0.019895 0.007334 0.118865 0.0400874 0.061688 0.040808 0.0181798 0.0167167 0.00934967 0.104716 0 0.0116657 0.00934967 0.0866125 0 0 0 0 0 0.000678297 0.0201402 0.00428955 0.107327 0.0155439 0.0369252 0.017049 0.0220723 0.0340186 0.00266608 0.0329918 0.0143094 0.00533216 0.00920416 0.027788
 0 7.72e-05 0.0012963 0.0033433 0.0104603 0.00115611 0.0142455 0.0352617 0.00473351 0.0687722 0.0248461 0.0279117 0.00813864 0.0233936 0.0232731 0.0195191 0.0183222 0.0195197 0.00596246 0.0313595 0 0 0.00171067 0.00627904 0.0185694 0.00759375 0.017174 0.0576289 0.00870965 0.124465 0.0312108 0.0423439 0.00838317 0.0176304 0.0164474 0.0149091 0.0192102 0.00830559 0.00505188 0.0392503
 0 0 0 0.00136704 0.00440422 0.0065366 0.00585179 0.0213115 0.0774702 0.0182505 0.119437 0.0361415 0.0294183 0.0111913 0.0223875 0.0152053 0.0144258 0.0178473 0.0126376 0.0499929 0 0 0 0.00159319 0.0024079 0.00436134 0.0053175 0.0231493 0.0742057 0.0214427 0.098021 0.0165872 0.0142134 0.0114175 0.00434742 0.00647352 0.00570536 0.00631442 0.00311001 0.0172634
 0 0 0 0 0.0117742 0.00742862 0.0154048 0.0109169 0.0163909 0.0846046 0.00735536 0.110271 0.0279677 0.0323504 0.0196707 0.027984 0.0165193 0.0281926 0.0267926 0.0969831 0 0 0 0 0.00720737 0.00779962 0.0105566 0.0073239 0.00931871 0.0530902 0.00970113 0.0722387 0.0131197 0.0175069 0.00588674 0.0108751 0.0153904 0.00365689 0.00974804 0.0346496
 0 0 7.02e-05 0 0.00108791 0.00164013 0.00941097 0.0377045 0.00969953 0.028279 0.155258 0.00253409 0.112013 0.0114178 0.0396576 0.0204559 0.0102653 0.0314881 0.0185751 0.0907542 0 0 0 0.000407977 0.00394015 0.00321512 0.00419013 0.0149903 0.0156867 0.0133287 0.0717952 0.00485981 0.0666705 0.00860376 0.0258356 0.00897977 0.00804539 0.00721484 0.00971931 0.0260498
 0 0 0 0 0 0 0.033687 0.052138 0.0226425 0.0131631 0.0174698 0.102626 0.00221403 0.16164 0.0145739 0.026965 0.0215322 0.0157172 0.0173747 0.0737828 0 0 0 0 0.000883522 0.00364856 0.018556 0.036112 0.0189854 0.00915776 0.0119796 0.0739024 0.00166787 0.0723627 0.00655169 0.0111964 0.00404496 0.00526132 0.00241914 0.0230936
 0 0 0 0 0 0 0.0095369 0.0510022 0.0555088 0.0154034 0.0188132 0.0268221 0.0627437 0.0145992 0.099731 0.017235 0.0347489 0.00707969 0.0125651 0.0887336 0 0 0 0 0 0.00328771 0.0136066 0.0532744 0.0259917 0.00486683 0.00359315 0.0264502 0.0967256 0.0255917 0.0476633 0.00210811 0.0106064 0.00398768 0.00960775 0.0268503
 0 0 0 0 0 0.0124951 0.00904132 0.0112235 0.0560786 0.0376882 0.0224193 0.0158531 0.033115 0.0582537 0.0188749 0.0733009 0.0296521 0.00679368 0.00398633 0.0652419 0 0 0 0 0 0.00427493 0.00572548 0.0311119 0.0947523 0.0317606 0.0144814 0.0139962 0.024862 0.070966 0.0137773 0.0685104 0.0133915 0.0144497 0 0.0330264
 0 0 0 0 0.00158396 0.00700846 0.0249807 0.0214469 0.0318983 0.0657449 0.0616111 0.0412871 0.0494818 0.0420186 0.0676098 0.0434544 0.0545063 0.024008 0.0321778 0.117016 0 0 0 0 0 0.00190526 0.0116285 0.0167806 0.0169579 0.0372183 0.0298291 0.0220167 0.00638034 0.013958 0.023255 0.00690662 0.0219 0.0117748 0.00979692 0.0416106
 0 0 0 0 0 0.00387164 0.0121345 0.0264918 0.0293222 0.0238532 0.0841881 0.0429443 0.0279663 0.0393804 0.0481622 0.0701238 0.0623644 0.0578786 0.027405 0.11298 0 0 0 0 0.000160642 0.00158635 0.00307155 0.0130774 0.00788566 0.0108067 0.0305965 0.0349 0.0202491 0.015833 0.0228898 0.0293382 0.0175105 0.0253858 0.0118267 0.0327091
 0 0 0 0 0.00448304 0.00212221 0.00413992 0.015283 0.071915 0.0378216 0.0266466 0.0664536 0.0759314 0.0444016 0.0145077 0.0327517 0.0503428 0.0257476 0.0317726 0.0817539 0 0 0 0 0 0.00111096 0.00111096 0.020087 0.047772 0.0109853 0.0180442 0.0435888 0.0209451 0.0249678 0.0161887 0.0366933 0.024831 0.0174381 0.0212209 0.0354679
 0 0 0 0 0.00195099 0.0137059 0.0123305 0.0188137 0.0384852 0.0643222 0.0429396 0.0371719 0.0628115 0.047488 0.0356594 0.0180557 0.0294149 0.0358199 0.0148174 0.08628 0 0 0 0 0 0 0.00813757 0.0235341 0.0184091 0.0434676 0.0293173 0.0200068 0.0285806 0.0314183 0.0325783 0.0236741 0.0157606 0.0336601 0.0152236 0.0425915
 0 0 0 0 0 0.00113856 0.00815318 0.0185978 0.0274746 0.0338015 0.0600555 0.0419056 0.0341669 0.0438779 0.0476082 0.0223517 0.0238572 0.024222 0.0389106 0.113322 0 0 0.000111471 0.000361027 0 0 0.0038884 0.0174211 0.0199131 0.031544 0.0684227 0.0242232 0.0154861 0.0417099 0.0132697 0.0136402 0.00897086 0.0183516 0.0323066 0.0569065
 0 0 0 0 0 0.0122025 0.00448802 0.0527158 0.0455698 0.0247594 0.0416596 0.0792493 0.0338997 0.0208269 0.0182675 0.0266216 0.0191693 0.0178916 0.0142709 0.123213 0 0 0 0 0.00103412 0 0.00619666 0.0685316 0.0369393 0.0215126 0.0200152 0.0348473 0.014566 0.0156772 0.0242494 0.0206213 0.017203 0.0119572 0.0203169 0.074913
 0 0 0 0 0.00264241 0.00681829 0.0143634 0.00896985 0.0941202 0.0406462 0.0270859 0.0195908 0.0412433 0.017027 0.0120425 0.0391591 0.0224539 0.0199456 0.0087853 0.108929 0 0 0 0 0 0.00567051 0.00570125 0.015544 0.0797133 0.0158991 0.0152904 0.0195334 0.0349858 0.013559 0.00978245 0.0188079 0.0316735 0.0142874 0.0135385 0.123931
 0 0 0 0 0.00823301 0.0140832 0.0177588 0.0256739 0.0297141 0.0772167 0.0283773 0.0316182 0.0332101 0.0525799 0.0275763 0.0057957 0.00991443 0.0297021 0.015802 0.12418 0 0 0 0.00151292 0.000814083 0.0138431 0.00930648 0.0362132 0.021352 0.0679035 0.0187943 0.0178726 0.023438 0.0317016 0.0135902 0.0062205 0.0133853 0.0153749 0.00838935 0.0876644
 0 0 0 0 0.00400856 0.0122844 0.0455226 0.0376832 0.0270799 0.0296452 0.116707 0.0208188 0.00405379 0.0135195 0.037538 0.0147091 0.0105822 0.018263 0.0213891 0.0841898 0 0 0 0.0004192 0 0.00368148 0.0296249 0.0281913 0.0268052 0.0365694 0.0604584 0.0187253 0.0148306 0.0224642 0.0356784 0.0127319 0.0251581 0.0197488 0.0181992 0.0548269
 0 0 0 0 0.00138562 0.0152327 0.0102622 0.0346575 0.0275489 0.0168806 0.0345401 0.0698079 0.0263128 0.0260643 0.022601 0.0272899 0.0109063 0.0125129 0.0164431 0.0940448 0 0 0 0.000610867 0.00454113 0.0111263 0.0149265 0.0610236 0.0291271 0.0287533 0.0532445 0.0628354 0.025485 0.0173313 0.0307002 0.0174028 0.0149043 0.0174685 0.0149937 0.0589934
 0 0 0 0 0.00766693 0.0159781 0.0221106 0.0520919 0.0511363 0.054155 0.0262553 0.0292918 0.0647312 0.0338619 0.0175752 0.02275 0.0303704 0.015278 0.0155071 0.0917346 0 0 0 0 0.00510555 0.0110323 0.0215041 0.0273798 0.0561921 0.0182775 0.0279418 0.0134023 0.0606398 0.011828 0.0178898 0.012524 0.0162705 0.0111448 0.0104163 0.0454265
 0 0 0 0 0 0.0108764 0.0261635 0.042783 0.0734827 0.0715859 0.0354068 0.053447 0.0380597 0.0456382 0.0300734 0.0223367 0.0194956 0.0269693 0.0185178 0.0980741 0 0 0 0 2.54e-05 0.00966272 0.0117424 0.0321591 0.0230231 0.0387974 0.0217782 0.0112712 0.0185148 0.0339116 0.0105095 0.0163963 0.0170173 0.015908 0.0132614 0.052752
 0 0 0 0 0 0.0102038 0.0414312 0.0327291 0.0457453 0.0428968 0.0388464 0.0291405 0.0368022 0.0377225 0.0501352 0.0241849 0.0206523 0.0229439 0.0188058 0.0946573 0 0 0 0 0.000568159 0 0.0573331 0.0263053 0.0495595 0.0184374 0.0412131 0.0370397 0.0185206 0.010742 0.0202362 0.00836656 0.00675852 0.013731 0.011347 0.0552358
 0 0 0 0 0 0.00562687 0.0235952 0.053038 0.0388725 0.0476782 0.0378249 0.0582102 0.0290997 0.027099 0.0276803 0.0374633 0.0183399 0.0211384 0.0242993 0.0851939 0 0 0 0 0.000736109 0.0102052 0.0142875 0.0604404 0.0291415 0.0270583 0.0271477 0.0337372 0.0119516 0.0105017 0.0107005 0.0277418 0.0198514 0.00640563 0.0135986 0.0718643
 0 0 0 0 0 0.00629337 0.0228977 0.0297997 0.0438617 0.0379897 0.0407543 0.0137855 0.0415429 0.0173177 0.00675372 0.0192773 0.0235256 0.00907172 0.0112164 0.0853648 0 0 0 0 0.00635025 0.00321295 0.0241511 0.0357123 0.08124 0.0394933 0.0302717 0.0292658 0.0397291 0.0364512 0.00977853 0.0149124 0.0481911 0.0162797 0.017369 0.0827392
 0 0 0 0 0 0.00414802 0.008681 0.0210055 0.0335491 0.0657894 0.0488344 0.0481836 0.0365059 0.0398996 0.0223894 0.0252224 0.0177193 0.0217628 0.0150372 0.0726432 0 0 0 0 0 0.00978014 0.0185573 0.0200293 0.0290871 0.0783368 0.0370223 0.0442872 0.0321786 0.0293794 0.0242981 0.0102636 0.0193398 0.0208793 0.0152292 0.0462469
 0 0 0 0 0 0.00246653 0.00740706 0.0201559 0.0365579 0.0406938 0.0411887 0.0581891 0.0327849 0.028421 0.0376072 0.0227827 0.0104683 0.0178235 0.0245907 0.103468 0 0 0 0 0.000739262 0.000812736 0.0155649 0.0344597 0.0246386 0.0329136 0.0552201 0.0227565 0.033107 0.0383375 0.034798 0.010361 0.00860363 0.0111485 0.0252352 0.0806807
 0 0 0 0 0 0.00373817 0.0101114 0.0200616 0.0226693 0.0376306 0.0272389 0.0743206 0.0347324 0.0395736 0.0312537 0.0354326 0.0172719 0.0122618 0.0140107 0.11793 0 0 0 0 0 0.00234194 0.00523291 0.023772 0.0373509 0.0220735 0.0165344 0.0440615 0.0226146 0.0429515 0.0192434 0.035321 0.00975915 0.00656652 0.0130998 0.109536
 0 0 0 0 0 0 0.0180195 0.0384982 0.0405834 0.0333409 0.0373286 0.0288312 0.0561843 0.0259106 0.0200279 0.0114468 0.0279033 0.0223144 0.00935783 0.126619 0 0 0 0 0 0 0.0225057 0.0242193 0.0291772 0.0409568 0.0376866 0.0153272 0.042922 0.0246889 0.020469 0.0105693 0.0230755 0.0149646 0.00836279 0.0999502
 0 0 0 0.00174278 0.00229029 0.00220389 0.00913569 0.0589277 0.0370792 0.0328675 0.0410223 0.0290051 0.016929 0.0462832 0.0254961 0.0294745 0.0162155 0.0272497 0.0138613 0.11411 0 0 0 0 0 0.00143724 0.0104696 0.0536423 0.0506826 0.0341317 0.0291694 0.0160795 0.013643 0.0516821 0.0211668 0.0151953 0.0151269 0.0161824 0.00539777 0.085235
 0 0 0 0 0 0.00913208 0.00753838 0.0173813 0.0739552 0.0697951 0.0406212 0.0277677 0.0357076 0.039485 0.0391969 0.0217162 0.025118 0.0235916 0.020449 0.107637 0 0 0 0 0.00153354 0.00306709 0.00375833 0.0131853 0.0751976 0.0391157 0.0365496 0.0372788 0.00782308 0.0181693 0.0186795 0.0134986 0.0135116 0.00985834 0.00794161 0.0637556
 0 0 0 0.00400825 0.00983102 0.00499211 0.0159478 0.00707032 0.032631 0.081963 0.0633931 0.0415313 0.0284087 0.0359728 0.0268974 0.0289598 0.0195791 0.0234284 0.0172383 0.106951 0 0 0 0 0.00330775 0.0045748 0.0155022 0.00645154 0.0337299 0.0620088 0.0412986 0.0207073 0.021827 0.0180628 0.0131783 0.0283888 0.0129856 0.00802628 0.00772587 0.072615
 0 0 0 0 0.00667431 0.0228987 0.0322434 0.0247438 0.010483 0.0485084 0.0924473 0.057821 0.0317238 0.0238179 0.0290568 0.0310741 0.0265211 0.0212037 0.0229233 0.0921654 0 0 0 0 0.0106664 0.0118872 0.0144385 0.0200479 0.0152087 0.0377735 0.0676964 0.0304462 0.0246481 0.00836825 0.0104456 0.0137444 0.0128366 0.0087135 0.00644448 0.0625374
 0 0 0 0 0.0166804 0.0402365 0.0506608 0.0128732 0.0301121 0.0218818 0.0347125 0.0666243 0.0420543 0.0377292 0.0218762 0.016021 0.0147264 0.0286799 0.0220176 0.10738 0 0 0 0.00146699 0.0137549 0.0240278 0.0297897 0.0201702 0.0178852 0.0135581 0.027636 0.0727153 0.0332664 0.0171375 0.00835854 0.0066923 0.0131064 0.00855997 0.00672275 0.0448156
# wt_fsh_f_in(1,endyr)
 6 8 19 35 192 220 278 286 317 378 395 425 449 484 525 501 531 561 607 606
# wt_fsh_m_in(1,endyr)
 0 8 20 35 186 218 252 236 292 310 327 357 374 396 371 408 370 428 503 473
# nsmpl_fsh_c
 200 200 200 200 200 200 200 200 200 200 200
# nsmpl_fsh_s
 200 200 200 200 200 200 200 200 200 200 200 200 200 200 200 200 200 200 200 200 200 200 200 200 200 200 200 200 200 200 200 200 200 200 200 200 200 200 200 200 200 200 200 200 200 200 200
# nsrv
1
# mo_srv
 7
# obs_srv
 3509.13 3672.42 3341.32 2398.08 2031.6 2530.21 2195.92 2329.42 2192.59 2406.53 2215.41 2484.91 2615.72 2026.89 2230.82 2176.54 2222.67 1266.42 1600.28 1690.56 1923.07 2171.73 2557.8 2840.25 2146.5 2168.04 2112.69 1752.06 2388.16 2422.5 1965.41 2295.21 2531.4 1946.3 2876.8 2805.16 1903.04 2017.62 1633.97 2039.97
# obs_se_srv
 291.225 206.262 186.901 157.388 153.941 196.59 210.587 174.478 151.564 140.864 197.674 159.754 173.856 145.391 196.21 130.018 141.482 92.1586 102.088 122.949 132.116 209.461 195.103 367.966 160.176 193.791 256.448 153.334 283 245.326 140.079 175.354 233.951 146.746 166.25 242.942 115.886 212.674 109.385 134.775
# nyrs_srv_age_c
 0
# nyrs_srv_age_s
 42
# yrs_srv_age_c

# yrs_srv_age_s
 1979 1980 1981 1982 1983 1984 1985 1986 1987 1988 1989 1990 1991 1992 1993 1994 1995 1996 1997 1998 1999 2000 2001 2002 2003 2004 2005 2006 2007 2008 2009 2010 2011 2012 2013 2014 2015 2016 2017 2018 2019 2021
# nsmpl_srv_s
 200 200 200 200 200 200 200 200 200 200 200 200 200 200 200 200 200 200 200 200 200 200 200 200 200 200 200 200 200 200 200 200 200 200 200 200 200 200 200 200 200 200
# oac_srv_c

# oac_srv_s
 0 0.00222719 0.0119039 0.015836 0.0468018 0.0651952 0.040843 0.0587061 0.0846845 0.0662308 0.0558742 0.0232111 0.0289605 0.00623183 0.00375282 0.00311567 0.000489755 0.000946578 0.00014186 0 0 0.00219953 0.0121772 0.015084 0.0412899 0.0403148 0.0320323 0.061687 0.0896005 0.0638676 0.0429614 0.0369053 0.0261051 0.0057294 0.00805423 0.00302783 0.00370331 0.000107619 0 0
 0 7.21e-05 0.00706671 0.0263998 0.0399363 0.0617006 0.0814198 0.0318911 0.0510207 0.0678904 0.050202 0.0590683 0.0219818 0.00872449 0.00253518 0.00174524 0.000428658 0.000977318 0.000166583 0.000173349 0 0.0015474 0.00604179 0.0235958 0.0488073 0.0658241 0.0942446 0.0352958 0.0430552 0.0475017 0.043829 0.0342802 0.0285611 0.0113655 0.001418 0.000631852 0.000513693 0 1.45e-05 7.22e-05
 0 0 0.00148699 0.0147004 0.0633896 0.052264 0.099843 0.0872913 0.0196924 0.0360238 0.056211 0.039804 0.0234885 0.0127092 0.00413182 0.00174832 0.00113998 0.000896568 0.0007097 0.000676265 0 0 0.00375629 0.0151277 0.079098 0.0483616 0.096737 0.0648558 0.029783 0.0280759 0.0412769 0.0403419 0.0201225 0.00500057 0.00624826 0.0041354 0.000492028 0 0 0.000380374
 0 0.00181777 0.00888508 0.0168765 0.0586538 0.0719057 0.0689535 0.0784234 0.0408442 0.0401292 0.04027 0.0340888 0.0198106 0.0119183 0.00771405 0.00246657 0.00163514 0.0012467 0.00109879 8.15e-05 0.000245943 0.00430531 0.00936348 0.0207328 0.0861869 0.0862402 0.0512857 0.0809929 0.0311647 0.0374972 0.0224438 0.0228153 0.0233504 0.014647 0.00038593 0.00114308 0.000348727 0 3.12e-05 0
 0 0 0.000281981 0.00347733 0.00911363 0.0444243 0.0836349 0.0499055 0.0630297 0.0553827 0.0445976 0.0683563 0.0512776 0.0174388 0.00947054 0.00357241 0.00161921 0.0012961 0 0.000277689 0 0 3.09e-05 0.003863 0.0108407 0.0428608 0.10237 0.0478374 0.0620666 0.040033 0.0413978 0.0427496 0.0334829 0.0251676 0.0325457 0.00455379 0.00268871 0.000355137 0 0
 0 0 0.00373006 0.0195703 0.0186206 0.0301103 0.052497 0.0592798 0.0783245 0.0760784 0.0663299 0.0381525 0.0411104 0.0338499 0.0168481 0.0122571 0.00534097 0.00286222 0.000231216 0.000964 0 0 0.00475813 0.0173679 0.0227713 0.0350135 0.0517618 0.058476 0.0431551 0.0555124 0.0506311 0.0252247 0.0267026 0.0141722 0.0222417 0.00858167 0.00392682 0.000597985 0.00175184 0.00119582
 0 0 0.000307687 0.00995099 0.0417589 0.0554121 0.0383532 0.0596222 0.086414 0.0416394 0.0489227 0.0514784 0.0362659 0.0281093 0.0303074 0.0193625 0.00743553 0.00294296 0.00046146 0.00110183 0 0 0.00390426 0.0162526 0.0395641 0.05276 0.0248094 0.0615155 0.049793 0.0378628 0.0425396 0.0339936 0.0211023 0.0245458 0.0148056 0.0105543 0.00159265 0.00245863 0.000121661 0.00197779
 0 0 0.00097044 0.00300171 0.0275517 0.0439905 0.0839915 0.0351354 0.0723012 0.0654739 0.0475322 0.0357427 0.0400462 0.0247002 0.0315588 0.0171713 0.0193392 0.00750979 0.00331957 0.00250154 0 0 0.00158561 0.00597259 0.0136515 0.0470721 0.0821216 0.0329959 0.0411591 0.0357883 0.0422489 0.0266069 0.025821 0.0145037 0.0265227 0.0102894 0.0171626 0.00712583 0.00555208 0.0019822
 0 0 0 0.00674508 0.0115914 0.0775783 0.0442095 0.0814754 0.0250629 0.0363622 0.0579102 0.0343721 0.0433391 0.0234376 0.0260885 0.0238835 0.017399 0.0164139 0.0185205 0.0141274 0 0 0.000453446 0.00393839 0.0102897 0.08098 0.0451131 0.0650331 0.0429803 0.0316554 0.0267298 0.0203239 0.0142445 0.0102631 0.0137067 0.0178329 0.0212404 0.016832 0.0120086 0.00785795
 0 0 0 0.000667702 0.0367862 0.00705895 0.148529 0.0556391 0.0553699 0.0183281 0.0237476 0.0348696 0.0206728 0.0358208 0.027118 0.0217239 0.0167302 0.0117215 0.0151975 0.0444325 0 0 0.000161117 0.00102014 0.0432221 0.00484986 0.115565 0.0549491 0.0440393 0.00842304 0.0185888 0.00274513 0.0175993 0.0333752 0.018808 0.00274513 0.0115023 0.0097411 0.00981667 0.0284348
 0 0 0 0.0014992 0.0101826 0.074582 0.02432 0.138835 0.0615731 0.0463419 0.00772149 0.0186028 0.0319797 0.0243432 0.0247498 0.0190527 0.00856079 0.00492469 0.0178299 0.0273469 0 0 0.000218193 0.00243401 0.018798 0.0818663 0.0183494 0.13558 0.0532187 0.0370638 0.0139881 0.00517077 0.0107454 0.00556219 0.0211953 0.00368279 0.00397708 0.00402824 0.00758517 0.0340904
 0 0 0 0.00769956 0.0112441 0.0359202 0.117953 0.0212842 0.139142 0.0451848 0.0533281 0.0112097 0.00794954 0.0118787 0.00864435 0.0255369 0.014021 0.0049835 0.00738213 0.0405463 0 0 0.0011622 0.00524096 0.013347 0.035023 0.0982875 0.021557 0.126592 0.0351553 0.0291149 0.00438532 0.00717321 0.00736719 0.00264665 0.00603184 0.00804087 0.0107961 0.00679766 0.0173731
 0 0 0.00100621 0.0132931 0.0259879 0.0128619 0.0424879 0.0940343 0.0158028 0.132502 0.0223161 0.0550313 0.0065726 0.0134284 0.00909877 0.012896 0.0171679 0.0145249 0.00567916 0.0472729 0 0 0 0.010764 0.0371519 0.0146148 0.0289023 0.109692 0.00710171 0.119309 0.0344592 0.0256211 0.00779812 0.00673651 0.00631545 0.00553656 0.00956126 0.00193885 0.000377925 0.0321556
 0 0 0.00198462 0.0253851 0.0497863 0.0534439 0.0218269 0.0293921 0.0963421 0.00969932 0.0847128 0.00774375 0.0316998 0.0132738 0.0140318 0.0174112 0.0111068 0.0104525 0.0114281 0.0404537 0 0 0 0.0149457 0.0456534 0.0581317 0.0269237 0.0231766 0.0833442 0.0117212 0.0931958 0.0197883 0.0218781 0.00120597 0.00128086 0.00628202 0.00399772 0.0111393 0.00228526 0.0448755
 0 0 0.00244932 0.0101812 0.0364506 0.0646622 0.0442603 0.0273772 0.0228887 0.134002 0.00795166 0.0883109 0.0159671 0.0168421 0.00699725 0.00688896 0.00928206 0.0116077 0.00600462 0.0418754 0 0 0.00205391 0.00533094 0.0237971 0.065869 0.0400542 0.0283978 0.0251364 0.111756 0.00708498 0.0858472 0.00535567 0.00540458 0.00514094 0 0.00491831 0.00807641 0 0.0217768
 0 0 0.00502489 0.0088992 0.0209272 0.0486283 0.0849758 0.0521056 0.0452176 0.0267122 0.109886 0.0484688 0.00412284 0.0257052 0.0133743 0.00392759 0.00754807 0.0152427 0.00648434 0.0259466 0 0.00039776 0.00203669 0.00666828 0.0155885 0.040082 0.089452 0.0616029 0.0288806 0.0179252 0.0771985 0.00241519 0.058388 0.00429806 0.0123932 0.00103932 0.00345451 0.00227473 0.00835164 0.0143557
 0 0 0.00229722 0.0185736 0.0350453 0.02205 0.10801 0.0762136 0.0333627 0.0164112 0.00302969 0.0770311 0.00249264 0.0681523 0.0126459 0.00973841 0.0117723 0.00360261 0.00665827 0.0402363 0 0 0 0.0205223 0.0145699 0.0328136 0.0810605 0.0686808 0.0114536 0.021811 0.00911215 0.058041 0.00162857 0.0732629 0.00597619 0.00297045 0.00936629 0.00316094 0.00670066 0.0315461
 0 0 0.0016904 0.0163459 0.0859602 0.0306147 0.0296285 0.0461291 0.0548842 0.0218591 0.0154683 0.0160821 0.0639391 0.012366 0.0676849 0.00494457 0.0031919 0.0102866 0.00506863 0.0472464 0 0 0.00812085 0.0100724 0.0889789 0.0258951 0.024108 0.0451475 0.0365852 0.0351264 0.015021 0.0147943 0.0424337 0.00644797 0.0477478 0.0133302 0.0101343 0.00177915 0.00811896 0.0327676
 0 0 0.00199419 0.0361518 0.0560978 0.0809732 0.0285854 0.0266989 0.0564857 0.0255104 0.0126841 0.0196916 0.0205294 0.0557867 0.00490991 0.0350812 0.00842194 0.0110002 0.00726759 0.0328577 0 0 0.00106963 0.0239292 0.0474877 0.0890617 0.0202056 0.0204961 0.0498017 0.0273687 0.0216921 0.0238998 0.0121135 0.057441 0.00879621 0.0294953 0.00345583 0.0134248 0.00876053 0.0207726
 0 0 0.00106503 0.00847363 0.0485956 0.0426491 0.0914218 0.0263842 0.0206658 0.037615 0.0419441 0.0374861 0.0172486 0.0178816 0.0268879 0.00676563 0.042574 0.0225594 0.0111401 0.0422868 0 0 0.00491867 0.00708797 0.0356202 0.0578346 0.0845011 0.0161394 0.0229897 0.0206897 0.0276459 0.0351184 0.0142303 0.0159928 0.0194042 0.0115076 0.0270874 0.0159523 0.00906463 0.030571
 0 0 0.000557093 0.0112814 0.0342859 0.0303042 0.0320949 0.125949 0.0179884 0.0185502 0.0425205 0.0329192 0.0322731 0.012537 0.0177177 0.0304046 0.0182209 0.0216359 0.0109418 0.0228856 0 0 0.000943588 0.017411 0.0246568 0.0389495 0.0421154 0.0997153 0.0253225 0.0163135 0.0534643 0.0466156 0.0129396 0.00925024 0.0048969 0.0206193 0.00607636 0.0223 0.0157424 0.0296003
 0 0 0.00171642 0.00826865 0.037613 0.0315512 0.0462213 0.0674155 0.0816338 0.0287966 0.0300229 0.0360214 0.0332944 0.00989154 0.0177604 0.0220311 0.0166163 0.0134808 0.0265638 0.0302287 0 0 0 0.00539503 0.0332327 0.0393075 0.0217408 0.0773367 0.0885579 0.0118778 0.0326019 0.0201947 0.0116352 0.0139932 0.0118337 0.010043 0.0231624 0.0199127 0.015994 0.0240531
 0 0 0.000174987 0.00888215 0.0299865 0.0655627 0.0311307 0.0505749 0.0521111 0.0820741 0.0468986 0.0103885 0.0240377 0.0193065 0.0159751 0.023699 0.0139275 0.0195747 0.00561807 0.038327 0 0 0 0.0108892 0.0176487 0.0818764 0.042853 0.0471446 0.0447783 0.0705269 0.0260773 0.0109535 0.0198445 0.00822121 0.00914933 0.0175495 0.00756769 0.00964095 0.00375178 0.0332774
 0 0 0.00191947 0.0146086 0.0202421 0.0303992 0.0925705 0.0412151 0.034498 0.0272739 0.0544286 0.0263552 0.0107817 0.0365682 0.0137999 0.0181195 0.017297 0.00985053 0.0176944 0.05096 0 0 0.00686818 0.00862207 0.0188261 0.036736 0.0902222 0.0378857 0.0395781 0.0311372 0.0526282 0.0230759 0.0143256 0.0261887 0.0191718 0.0158232 0.00251262 0.0100004 0.0115394 0.0362769
 0 0 0.00177671 0.0137375 0.0287248 0.0298563 0.0341311 0.136087 0.0267969 0.0331764 0.0340435 0.0298605 0.012203 0.0136775 0.020196 0.019941 0.0102561 0.010294 0.0111968 0.0804247 0 0 0.00284818 0.0112879 0.0211927 0.0307193 0.0298849 0.127818 0.028327 0.0432563 0.00632373 0.0337766 0.0205686 0.00119779 0.00847715 0.00678985 0.0127525 0.00678985 0.00777633 0.053834
 0 0.00107185 0.0035239 0.020552 0.0460741 0.0600295 0.0472547 0.0232683 0.103528 0.0236418 0.0227406 0.0233989 0.0234816 0.0113544 0.00213622 0.0179313 0.019566 0.0111707 0.0105715 0.0679257 0 0.000439227 0.00673372 0.0122375 0.0501921 0.047911 0.0213388 0.0423084 0.106328 0.0282102 0.00872346 0.0209369 0.0238932 0.0109896 0.00508128 0.0266562 0.0110445 0.00719498 0.00291831 0.0276417
 0 0 0.00549717 0.0173508 0.0202095 0.0625616 0.0449801 0.0221771 0.0506696 0.0867447 0.0203691 0.0149454 0.0198794 0.0336852 0.0177069 0.00552255 0.0191612 0.022413 0.0105526 0.0864389 0 0 0.0050494 0.0173098 0.0193963 0.049306 0.0495504 0.0211951 0.0299185 0.101097 0.0127963 0.0147594 0.0126192 0.0137872 0.00719704 0.00965566 0.0132535 0.00930796 0.00710023 0.0458364
 0 0 0.00803694 0.0360755 0.0448953 0.0330205 0.0757831 0.0561819 0.021058 0.0388746 0.088154 0.0158896 0.0158697 0.00844323 0.0186621 0.0209686 0.000236163 0.0107482 0.00840734 0.0420113 0 0 0.0120563 0.020669 0.0415853 0.0396256 0.0603004 0.0469904 0.0343808 0.035616 0.0458724 0.0139083 0.0185006 0.0106885 0.00464397 0.00137418 0.00653955 0.00983996 0.0204246 0.033668
 0 0 0 0 0.00206467 0.0190064 0.012352 0.042653 0.0327254 0.0198263 0.0404725 0.0802288 0.0299304 0.0298109 0.0265068 0.032684 0.0126326 0.015318 0.0205213 0.117644 0 0 0 0.000702545 0.00499978 0.0130422 0.0161226 0.0648739 0.0286053 0.0267714 0.0499292 0.0563403 0.0222472 0.0161841 0.0306517 0.0168162 0.0149463 0.0189446 0.0155753 0.0688706
 0 0 0.00266074 0.0129158 0.0829532 0.0699606 0.06155 0.0404801 0.0400315 0.0223402 0.0131648 0.0292432 0.0394049 0.0172125 0.00891318 0.00961166 0.0133937 0.00872165 0.00836214 0.0520786 0 0 0.00116343 0.0112054 0.0746139 0.0521131 0.0544593 0.0388199 0.0510511 0.0253785 0.0162629 0.020831 0.0371429 0.00708672 0.00742654 0.00391172 0.0116579 0.00450603 0.00542584 0.0439455
 0 0.000629526 0.00448513 0.0243928 0.024391 0.141929 0.0728323 0.0583404 0.0309972 0.0251689 0.0261007 0.0154339 0.0165298 0.023459 0.0105775 0.00515385 0.000204839 0.00703011 0.00816352 0.0377446 0 0 0.00775048 0.0172521 0.034527 0.11312 0.0552353 0.06631 0.029638 0.0298273 0.0259136 0.00934581 0.00371744 0.0233203 0.00357909 0.00345386 0.00607846 0.00174762 0.0064354 0.0291841
 0 0 0.00332826 0.033121 0.0390188 0.0442509 0.0904197 0.0559792 0.052185 0.0332503 0.0338731 0.0156207 0.016794 0.013642 0.0174386 0.0100036 0.00497223 0.0114848 0.00602062 0.0466555 0 0 0.00784211 0.0201278 0.0422433 0.0374312 0.104268 0.0466641 0.0514933 0.0173238 0.019066 0.0160602 0.00530649 0.0117764 0.0152815 0.00792707 0.00539138 0.00365563 0.0140575 0.0460262
 0 0 0.00154667 0.026315 0.0583211 0.0764582 0.0501337 0.0832522 0.0444154 0.0494271 0.0221065 0.0244753 0.016089 0.015359 0.0156502 0.0201429 0.0106591 0.00629016 0.00474378 0.0453362 0 5.76e-05 0.000744414 0.0162086 0.0416456 0.0521725 0.0387241 0.0856686 0.0431074 0.0242935 0.0190711 0.00838067 0.00875274 0.014751 0.0111168 0.0169417 0.0104041 0.00374231 0.00524158 0.0282541
 0 0.00132624 0.00662419 0.0305249 0.0524772 0.0670967 0.0390249 0.0323316 0.100267 0.0340832 0.0445445 0.0141632 0.0207876 0.00492754 0.0200108 0.0170587 0.019879 0.00960158 0.00695186 0.0364335 0 0 0.00922229 0.036504 0.0469171 0.0458129 0.0364118 0.0317807 0.0566434 0.0396041 0.0239052 0.0130553 0.0089353 0.0120673 0.00454157 0.0133264 0.00786582 0 0.00333756 0.0519546
 0 0 0.000554343 0.0112301 0.0342235 0.0534346 0.0676153 0.0325911 0.0280748 0.0520487 0.0516486 0.0456027 0.0151803 0.0171496 0.0168935 0.0169102 0.0120102 0.0258889 0.0147658 0.0453194 0 0 0.000839715 0.0116631 0.0465617 0.0488434 0.0612848 0.0268555 0.0341067 0.0566075 0.025408 0.0255008 0.00422763 0.0113188 0.0127085 0.015011 0.00236354 0.0164846 0.0104029 0.0486701
 0 0 0 0.00452662 0.0516458 0.0470701 0.0304679 0.0514867 0.0283679 0.0280221 0.0641827 0.0418149 0.01967 0.0177031 0.0280382 0.00422156 0.015002 0.00765769 0.0251149 0.0677458 0 0 0 0.00104537 0.0448655 0.0486499 0.0350923 0.0415321 0.038086 0.030786 0.049073 0.0252816 0.0236446 0.0024348 0.0235127 0.0115362 0.0131603 0.00301969 0.0136673 0.0618745
 0 0 0.00352962 0.000507817 0.0260812 0.0726799 0.0544626 0.0479223 0.0447647 0.038809 0.0232216 0.043931 0.0402385 0.0209898 0.0154227 0.0125206 0.0105376 0.00968672 0.0145151 0.0687567 0 0.000121405 0.0044769 0.00557948 0.0203912 0.0664295 0.0517852 0.0469255 0.0486341 0.0495283 0.00744238 0.0279933 0.0203826 0.0125139 0.00011662 0.0124516 0.0172257 0.00185853 0.000805917 0.0567606
 0 0.000107496 0.0037705 0.00829767 0.00528533 0.0191225 0.0866728 0.0659552 0.0470501 0.0424071 0.0350003 0.0167539 0.0285673 0.0267845 0.0163588 0.0189742 0.0197993 0.0195021 0.00533464 0.0751672 0 0 0.00505051 0.00989603 0.00236289 0.0165361 0.0821362 0.0634583 0.0468733 0.0427755 0.0146117 0.0136738 0.0264298 0.0210303 0.0102824 0.00408922 0.0106497 0.0101218 0.00530945 0.0738021
 0 0.00171827 0.00812304 0.0392885 0.0390039 0.0125594 0.0327308 0.103137 0.0496332 0.0345945 0.0388801 0.0234974 0.0153007 0.0208722 0.0206065 0.0152819 0.0121404 0.0145068 0.00715346 0.0601244 0 0.00101719 0.0123667 0.0238214 0.0408014 0.010978 0.0268007 0.0906655 0.0513145 0.0319736 0.0283457 0.0200405 0.0110678 0.0222196 0.0159754 0.00381924 0.00124113 0.00750946 0.00539414 0.0454962
 0 0 0.00809205 0.0297307 0.0427712 0.0290285 0.0149573 0.0432437 0.104678 0.0532844 0.0377801 0.0132769 0.0124589 0.00678749 0.0203289 0.0162436 0.0169109 0.0151417 0.0122013 0.0819097 0 0 0.00644762 0.0284593 0.03068 0.0373317 0.0117536 0.0384749 0.0852517 0.0424835 0.0307295 0.0155942 0.0125458 0.0119261 0.0122467 0.0112787 0.00482242 0.00900863 0.00174007 0.0504
 0 0.000246765 0.0195581 0.0330846 0.0487723 0.0247567 0.0381684 0.0125535 0.0333401 0.0865135 0.0568012 0.0205759 0.0253482 0.0198429 0.0194737 0.0113945 0.00702005 0.0111822 0.00619309 0.0550747 0 0 0.0215664 0.0399131 0.0377435 0.0163991 0.0423314 0.0166395 0.0235153 0.0776398 0.042793 0.0205933 0.0245691 0.0133157 0.0108174 0.00850435 0.0149714 0.00607097 0.00564256 0.047074
 4 15 34 60 91 125 160 195 230 263 294 322 348 372 393 412 429 444 481 590 4 15 34 60 91 125 160 195 230 263 294 322 348 372 393 412 429 444 481 590
